<?xml version="1.0" encoding="UTF-8"?>
<!-- Generated by org.testng.reporters.JUnitReportReporter -->
<testsuite hostname="EPINGUGW000E" failures="0" tests="1" name="testRest.Test_put" time="4.018" errors="0" timestamp="2022-02-24T11:45:02 IST" skipped="0">
  <testcase classname="testRest.Test_put" name="validate_put" time="4.018"/>
  <system-out/>
</testsuite> <!-- testRest.Test_put -->
