<?xml version="1.0" encoding="UTF-8"?>
<!-- Generated by org.testng.reporters.JUnitReportReporter -->
<testsuite hostname="EPINGUGW000E" failures="0" tests="1" name="testRest.Test02_Get" time="2.215" errors="0" timestamp="2022-02-23T12:55:41 IST" skipped="0">
  <testcase classname="testRest.Test02_Get" name="test_01" time="2.215"/>
  <system-out/>
</testsuite> <!-- testRest.Test02_Get -->
