<?xml version="1.0" encoding="UTF-8"?>
<!-- Generated by org.testng.reporters.JUnitReportReporter -->
<testsuite hostname="EPINGUGW000E" failures="0" tests="1" name="testRest.Test_post" time="2.380" errors="0" timestamp="2022-03-08T14:58:34 IST" skipped="0">
  <testcase classname="testRest.Test_post" name="validate_post" time="2.380"/>
  <system-out/>
</testsuite> <!-- testRest.Test_post -->
