<?xml version="1.0" encoding="UTF-8"?>
<!-- Generated by org.testng.reporters.JUnitReportReporter -->
<testsuite hostname="EPINGUGW000E" failures="0" tests="2" name="testRest.Test01_Get" time="2.117" errors="0" timestamp="2022-02-20T14:59:35 IST" skipped="0">
  <testcase classname="testRest.Test01_Get" name="test_01" time="1.723"/>
  <system-out/>
  <testcase classname="testRest.Test01_Get" name="test_02" time="0.394"/>
  <system-out/>
</testsuite> <!-- testRest.Test01_Get -->
